<?xml version="1.0" encoding="UTF-8"?>
<testng-results ignored="0" total="1" passed="1" failed="0" skipped="0">
  <reporter-output>
  </reporter-output>
  <suite started-at="2022-10-06T15:03:54 CDT" name="Suite" finished-at="2022-10-06T15:05:13 CDT" duration-ms="78723">
    <groups>
    </groups>
    <test started-at="2022-10-06T15:03:54 CDT" name="TestUnoSquare" finished-at="2022-10-06T15:05:13 CDT" duration-ms="78723">
      <class name="testing.tests.SearchProducts">
        <test-method is-config="true" signature="launchAplication()[pri:0, instance:testing.tests.SearchProducts@7d8995e]" started-at="2022-10-06T15:03:54 CDT" name="launchAplication" finished-at="2022-10-06T15:04:04 CDT" duration-ms="9843" status="PASS">
          <reporter-output>
          </reporter-output>
        </test-method> <!-- launchAplication -->
        <test-method signature="searchProduct(java.util.HashMap)[pri:0, instance:testing.tests.SearchProducts@7d8995e]" started-at="2022-10-06T15:04:04 CDT" name="searchProduct" data-provider="getData" finished-at="2022-10-06T15:05:08 CDT" duration-ms="64210" status="PASS">
          <params>
            <param index="0">
              <value>
                <![CDATA[{search=Games}]]>
              </value>
            </param>
          </params>
          <reporter-output>
          </reporter-output>
        </test-method> <!-- searchProduct -->
        <test-method is-config="true" signature="tearDown()[pri:0, instance:testing.tests.SearchProducts@7d8995e]" started-at="2022-10-06T15:05:08 CDT" name="tearDown" finished-at="2022-10-06T15:05:13 CDT" duration-ms="4450" status="PASS">
          <reporter-output>
          </reporter-output>
        </test-method> <!-- tearDown -->
      </class> <!-- testing.tests.SearchProducts -->
    </test> <!-- TestUnoSquare -->
  </suite> <!-- Suite -->
</testng-results>
